{"_":"2018-05-26 23:11:44","app":"Process:file touched success.","pid":"13592"}
{"_":"2018-05-26 23:11:44","app":"http  will Listen","port":80}
{"_":"2018-05-26 23:11:51","app":0}
{"_":"2018-05-26 23:11:51","app":"http    Listen failed","error":{}}
{"_":"2018-05-26 23:11:51","app":"Process:file deleted success.","pid":"13592"}

{"_":"2018-05-26 23:13:13","app":"Process:file touched success.","pid":"13632"}
{"_":"2018-05-26 23:13:13","app":"http  will Listen","port":8080}
{"_":"2018-05-26 23:14:34","path":"/"}
{"_":"2018-05-26 23:14:34","err":null}
{"_":"2018-05-26 23:18:13","app":0}
{"_":"2018-05-26 23:18:13","app":"http    Listen failed","error":{}}
{"_":"2018-05-26 23:18:13","app":"Process:file deleted success.","pid":"13632"}

{"_":"2018-05-26 23:18:17","app":"Process:file touched success.","pid":"12544"}
{"_":"2018-05-26 23:18:17","app":"http  will Listen","port":8080}
{"_":"2018-05-26 23:18:25","app":0}
{"_":"2018-05-26 23:18:25","app":"http    Listen failed","error":{}}
{"_":"2018-05-26 23:18:25","app":"Process:file deleted success.","pid":"12544"}

{"_":"2018-05-26 23:54:03","app":"Process:file touched success.","pid":"13508"}
{"_":"2018-05-26 23:54:03","app":"http  will Listen","port":9000}
{"_":"2018-05-26 23:54:59","app":0}
{"_":"2018-05-26 23:54:59","app":"http    Listen failed","error":{}}
{"_":"2018-05-26 23:54:59","app":"Process:file deleted success.","pid":"13508"}

{"_":"2018-05-26 23:55:01","app":"Process:file touched success.","pid":"13084"}
{"_":"2018-05-26 23:55:01","app":"http  will Listen","port":9000}
{"_":"2018-05-26 23:58:36","path":"/"}
{"_":"2018-05-26 23:58:36","err":null}
{"_":"2018-05-27 00:07:13","app":0}
{"_":"2018-05-27 00:07:13","app":"http    Listen failed","error":{}}
{"_":"2018-05-27 00:07:13","app":"Process:file deleted success.","pid":"13084"}

{"_":"2018-05-27 00:07:28","app":"Process:file touched success.","pid":"3360"}
{"_":"2018-05-27 00:07:28","app":"http  will Listen","port":9000}
{"_":"2018-05-27 00:07:33","path":"/"}
{"_":"2018-05-27 00:07:33","err":null}
{"_":"2018-05-27 00:08:18","app":0}
{"_":"2018-05-27 00:08:18","app":"http    Listen failed","error":{}}
{"_":"2018-05-27 00:08:18","app":"Process:file deleted success.","pid":"3360"}

{"_":"2018-05-27 00:08:20","app":"Process:file touched success.","pid":"12344"}
{"_":"2018-05-27 00:08:20","app":"http  will Listen","port":9000}
{"_":"2018-05-27 00:28:46","app":0}
{"_":"2018-05-27 00:28:46","app":"http    Listen failed","error":{}}
{"_":"2018-05-27 00:28:46","app":"Process:file deleted success.","pid":"12344"}

{"_":"2018-05-27 00:28:48","app":"Process:file touched success.","pid":"2320"}
{"_":"2018-05-27 00:28:48","app":"http  will Listen","port":9000}
{"_":"2018-05-27 00:33:37","app":0}
{"_":"2018-05-27 00:33:37","app":"http    Listen failed","error":{}}
{"_":"2018-05-27 00:33:37","app":"Process:file deleted success.","pid":"2320"}

{"_":"2018-05-27 00:33:39","app":"Process:file touched success.","pid":"11180"}
{"_":"2018-05-27 00:33:39","app":"http  will Listen","port":9000}
{"_":"2018-05-27 00:33:58","app":0}
{"_":"2018-05-27 00:33:58","app":"http    Listen failed","error":{}}
{"_":"2018-05-27 00:33:58","app":"Process:file deleted success.","pid":"11180"}

{"_":"2018-05-27 00:53:52","app":"Process:file touched success.","pid":"9844"}
{"_":"2018-05-27 00:53:52","app":"http  will Listen","port":9000}
{"_":"2018-05-27 00:53:57","path":"/index.html"}
{"_":"2018-05-27 00:55:38","app":0}
{"_":"2018-05-27 00:55:38","app":"Process:file deleted success.","pid":"9844"}

{"_":"2018-05-27 00:55:40","app":"Process:file touched success.","pid":"8988"}
{"_":"2018-05-27 00:55:40","app":"http  will Listen","port":9000}
{"_":"2018-05-27 00:55:45","path":"/index.html"}
{"_":"2018-05-27 00:58:43","app":0}
{"_":"2018-05-27 00:58:43","app":"Process:file deleted success.","pid":"8988"}

{"_":"2018-05-27 00:58:46","app":"Process:file touched success.","pid":"7196"}
{"_":"2018-05-27 00:58:46","app":"http  will Listen","port":9000}
{"_":"2018-05-27 00:58:52","path":"/index.html"}
{"_":"2018-05-27 00:59:48","app":0}
{"_":"2018-05-27 00:59:48","app":"Process:file deleted success.","pid":"7196"}

